Determining if the pthread_create exist failed with the following output:
Change Dir: /home/junhakim/WH_Proj/build/CMakeFiles/CMakeTmp

Run Build Command:"/usr/bin/make" "cmTC_b7546/fast"
/usr/bin/make -f CMakeFiles/cmTC_b7546.dir/build.make CMakeFiles/cmTC_b7546.dir/build
make[1]: Entering directory '/home/junhakim/WH_Proj/build/CMakeFiles/CMakeTmp'
Building C object CMakeFiles/cmTC_b7546.dir/CheckSymbolExists.c.o
/usr/bin/cc    -o CMakeFiles/cmTC_b7546.dir/CheckSymbolExists.c.o   -c /home/junhakim/WH_Proj/build/CMakeFiles/CMakeTmp/CheckSymbolExists.c
Linking C executable cmTC_b7546
/usr/bin/cmake -E cmake_link_script CMakeFiles/cmTC_b7546.dir/link.txt --verbose=1
/usr/bin/cc      CMakeFiles/cmTC_b7546.dir/CheckSymbolExists.c.o  -o cmTC_b7546 
CMakeFiles/cmTC_b7546.dir/CheckSymbolExists.c.o: In function `main':
CheckSymbolExists.c:(.text+0x1b): undefined reference to `pthread_create'
collect2: error: ld returned 1 exit status
CMakeFiles/cmTC_b7546.dir/build.make:97: recipe for target 'cmTC_b7546' failed
make[1]: *** [cmTC_b7546] Error 1
make[1]: Leaving directory '/home/junhakim/WH_Proj/build/CMakeFiles/CMakeTmp'
Makefile:126: recipe for target 'cmTC_b7546/fast' failed
make: *** [cmTC_b7546/fast] Error 2

File /home/junhakim/WH_Proj/build/CMakeFiles/CMakeTmp/CheckSymbolExists.c:
/* */
#include <pthread.h>

int main(int argc, char** argv)
{
  (void)argv;
#ifndef pthread_create
  return ((int*)(&pthread_create))[argc];
#else
  (void)argc;
  return 0;
#endif
}

Determining if the function pthread_create exists in the pthreads failed with the following output:
Change Dir: /home/junhakim/WH_Proj/build/CMakeFiles/CMakeTmp

Run Build Command:"/usr/bin/make" "cmTC_11bde/fast"
/usr/bin/make -f CMakeFiles/cmTC_11bde.dir/build.make CMakeFiles/cmTC_11bde.dir/build
make[1]: Entering directory '/home/junhakim/WH_Proj/build/CMakeFiles/CMakeTmp'
Building C object CMakeFiles/cmTC_11bde.dir/CheckFunctionExists.c.o
/usr/bin/cc   -DCHECK_FUNCTION_EXISTS=pthread_create   -o CMakeFiles/cmTC_11bde.dir/CheckFunctionExists.c.o   -c /usr/share/cmake-3.10/Modules/CheckFunctionExists.c
Linking C executable cmTC_11bde
/usr/bin/cmake -E cmake_link_script CMakeFiles/cmTC_11bde.dir/link.txt --verbose=1
/usr/bin/cc  -DCHECK_FUNCTION_EXISTS=pthread_create    CMakeFiles/cmTC_11bde.dir/CheckFunctionExists.c.o  -o cmTC_11bde -lpthreads 
/usr/bin/ld: cannot find -lpthreads
collect2: error: ld returned 1 exit status
CMakeFiles/cmTC_11bde.dir/build.make:97: recipe for target 'cmTC_11bde' failed
make[1]: *** [cmTC_11bde] Error 1
make[1]: Leaving directory '/home/junhakim/WH_Proj/build/CMakeFiles/CMakeTmp'
Makefile:126: recipe for target 'cmTC_11bde/fast' failed
make: *** [cmTC_11bde/fast] Error 2


